<?xml version="1.0" encoding="UTF-8"?>
<!-- Generated by org.testng.reporters.JUnitReportReporter -->
<testsuite skipped="0" hostname="DESKTOP-S5NG5NA" name="com.selbot.testcases.TC001_CreateLead" tests="2" failures="0" timestamp="21 Apr 2019 10:43:09 GMT" time="35.548" errors="0">
  <testcase name="createLead" time="19.096" classname="com.selbot.testcases.TC001_CreateLead"/>
  <testcase name="createLead" time="16.452" classname="com.selbot.testcases.TC001_CreateLead"/>
</testsuite> <!-- com.selbot.testcases.TC001_CreateLead -->
