<?xml version="1.0" encoding="UTF-8"?>
<!-- Generated by org.testng.reporters.JUnitReportReporter -->
<testsuite skipped="0" hostname="DESKTOP-S5NG5NA" name="com.selbot.testcases.Erail" tests="1" failures="0" timestamp="27 Apr 2019 06:17:42 GMT" time="13.115" errors="0">
  <testcase name="OpenLinks" time="13.115" classname="com.selbot.testcases.Erail"/>
</testsuite> <!-- com.selbot.testcases.Erail -->
