<?xml version="1.0" encoding="UTF-8"?>
<!-- Generated by org.testng.reporters.JUnitReportReporter -->
<testsuite skipped="0" hostname="DESKTOP-S5NG5NA" name="com.selbot.testcases.TC002_EditLead" tests="2" failures="0" timestamp="21 Apr 2019 10:36:08 GMT" time="43.726" errors="0">
  <testcase name="CreateLead" time="21.817" classname="com.selbot.testcases.TC002_EditLead"/>
  <testcase name="CreateLead" time="21.909" classname="com.selbot.testcases.TC002_EditLead"/>
</testsuite> <!-- com.selbot.testcases.TC002_EditLead -->
