<?xml version="1.0" encoding="UTF-8"?>
<!-- Generated by org.testng.reporters.JUnitReportReporter -->
<testsuite skipped="0" hostname="DESKTOP-S5NG5NA" name="com.selbot.testcases.TC006_DuplicateLead" tests="2" failures="0" timestamp="21 Apr 2019 10:36:08 GMT" time="62.700" errors="0">
  <testcase name="DuplicateLead" time="33.659" classname="com.selbot.testcases.TC006_DuplicateLead"/>
  <testcase name="DuplicateLead" time="29.041" classname="com.selbot.testcases.TC006_DuplicateLead"/>
</testsuite> <!-- com.selbot.testcases.TC006_DuplicateLead -->
